[2017-03-06 16:46:48]java.lang.NullPointerException
	at Util_Redis.SentinelJedisUtil.returnResource(SentinelJedisUtil.java:1028)
	at Util_Redis.SentinelJedisUtil.getHSet(SentinelJedisUtil.java:518)
	at storm.project.TYTC_TimeStorm.JDQstatusBolt.execute(JDQstatusBolt.java:58)
	at org.apache.storm.daemon.executor$fn__8058$tuple_action_fn__8060.invoke(executor.clj:731)
	at org.apache.storm.daemon.executor$mk_task_receiver$fn__7979.invoke(executor.clj:464)
	at org.apache.storm.disruptor$clojure_handler$reify__7492.onEvent(disruptor.clj:40)
	at org.apache.storm.utils.DisruptorQueue.consumeBatchToCursor(DisruptorQueue.java:451)
	at org.apache.storm.utils.DisruptorQueue.consumeBatchWhenAvailable(DisruptorQueue.java:430)
	at org.apache.storm.disruptor$consume_batch_when_available.invoke(disruptor.clj:73)
	at org.apache.storm.daemon.executor$fn__8058$fn__8071$fn__8124.invoke(executor.clj:850)
	at org.apache.storm.util$async_loop$fn__624.invoke(util.clj:484)
	at clojure.lang.AFn.run(AFn.java:22)
	at java.lang.Thread.run(Thread.java:745)

[2017-03-06 16:46:49]java.lang.NullPointerException
	at Util_Redis.SentinelJedisUtil.returnResource(SentinelJedisUtil.java:1028)
	at Util_Redis.SentinelJedisUtil.setHMSet(SentinelJedisUtil.java:542)
	at storm.project.TYTC_TimeStorm.SingleV_TempetureBolt.execute(SingleV_TempetureBolt.java:58)
	at org.apache.storm.daemon.executor$fn__8058$tuple_action_fn__8060.invoke(executor.clj:731)
	at org.apache.storm.daemon.executor$mk_task_receiver$fn__7979.invoke(executor.clj:464)
	at org.apache.storm.disruptor$clojure_handler$reify__7492.onEvent(disruptor.clj:40)
	at org.apache.storm.utils.DisruptorQueue.consumeBatchToCursor(DisruptorQueue.java:451)
	at org.apache.storm.utils.DisruptorQueue.consumeBatchWhenAvailable(DisruptorQueue.java:430)
	at org.apache.storm.disruptor$consume_batch_when_available.invoke(disruptor.clj:73)
	at org.apache.storm.daemon.executor$fn__8058$fn__8071$fn__8124.invoke(executor.clj:850)
	at org.apache.storm.util$async_loop$fn__624.invoke(util.clj:484)
	at clojure.lang.AFn.run(AFn.java:22)
	at java.lang.Thread.run(Thread.java:745)

[2017-03-06 16:46:50]java.lang.NullPointerException
	at Util_Redis.SentinelJedisUtil.returnResource(SentinelJedisUtil.java:1028)
	at Util_Redis.SentinelJedisUtil.setHMSet(SentinelJedisUtil.java:542)
	at storm.project.TYTC_TimeStorm.ElectricBolt.execute(ElectricBolt.java:46)
	at org.apache.storm.daemon.executor$fn__8058$tuple_action_fn__8060.invoke(executor.clj:731)
	at org.apache.storm.daemon.executor$mk_task_receiver$fn__7979.invoke(executor.clj:464)
	at org.apache.storm.disruptor$clojure_handler$reify__7492.onEvent(disruptor.clj:40)
	at org.apache.storm.utils.DisruptorQueue.consumeBatchToCursor(DisruptorQueue.java:451)
	at org.apache.storm.utils.DisruptorQueue.consumeBatchWhenAvailable(DisruptorQueue.java:430)
	at org.apache.storm.disruptor$consume_batch_when_available.invoke(disruptor.clj:73)
	at org.apache.storm.daemon.executor$fn__8058$fn__8071$fn__8124.invoke(executor.clj:850)
	at org.apache.storm.util$async_loop$fn__624.invoke(util.clj:484)
	at clojure.lang.AFn.run(AFn.java:22)
	at java.lang.Thread.run(Thread.java:745)

